<?xml version="1.0" encoding="UTF-8"?>
<!-- Generated by org.testng.reporters.JUnitXMLReporter -->
<testsuite hostname="INLN56578355A" ignored="0" name="GuruDemo App Test" tests="5" failures="3" timestamp="30 Aug 2018 11:00:50 GMT" time="72.893" errors="0">
  <testcase name="loginTest" time="3.736" classname="com.GuruTesting.TestCases.TC_LoginTest_001">
    <failure type="java.lang.AssertionError" message="expected [true] but found [false]">
      <![CDATA[java.lang.AssertionError: expected [true] but found [false]at com.GuruTesting.TestCases.TC_LoginTest_001.loginTest(TC_LoginTest_001.java:33)... Removed 29 stack frames]]>
    </failure>
  </testcase> <!-- loginTest -->
  <testcase name="loginDDT" time="6.701" classname="com.GuruTesting.TestCases.TC_LoginDDT_002">
    <failure type="java.lang.AssertionError" message="expected [true] but found [false]">
      <![CDATA[java.lang.AssertionError: expected [true] but found [false]at com.GuruTesting.TestCases.TC_LoginDDT_002.loginDDT(TC_LoginDDT_002.java:32)... Removed 29 stack frames]]>
    </failure>
  </testcase> <!-- loginDDT -->
  <testcase name="loginDDT" time="11.909" classname="com.GuruTesting.TestCases.TC_LoginDDT_002"/>
  <testcase name="loginDDT" time="5.78" classname="com.GuruTesting.TestCases.TC_LoginDDT_002">
    <failure type="java.lang.AssertionError" message="expected [true] but found [false]">
      <![CDATA[java.lang.AssertionError: expected [true] but found [false]at com.GuruTesting.TestCases.TC_LoginDDT_002.loginDDT(TC_LoginDDT_002.java:32)... Removed 29 stack frames]]>
    </failure>
  </testcase> <!-- loginDDT -->
  <testcase name="addNewCustomer" time="13.808" classname="com.GuruTesting.TestCases.TC_AddCustomerTest_003"/>
</testsuite> <!-- GuruDemo App Test -->
